{"H:\\Users\\WLC\\Desktop\\mileage_ui\\examples\\components\\demo-block.vue": {"path":"H:\\Users\\WLC\\Desktop\\mileage_ui\\examples\\components\\demo-block.vue","statementMap":{"0":{"start":{"line":24,"column":0},"end":{"line":null,"column":-1}},"1":{"start":{"line":27,"column":0},"end":{"line":null,"column":-1}},"2":{"start":{"line":33,"column":0},"end":{"line":null,"column":-1}}},"fnMap":{"0":{"name":"data","decl":{"start":{"line":26,"column":0},"end":{"line":null,"column":-1}},"loc":{"start":{"line":26,"column":0},"end":{"line":30,"column":0}}},"1":{"name":"toggle","decl":{"start":{"line":32,"column":0},"end":{"line":null,"column":-1}},"loc":{"start":{"line":32,"column":0},"end":{"line":34,"column":0}}}},"branchMap":{},"s":{"0":0,"1":0,"2":0},"f":{"0":0,"1":0},"b":{}}
,"H:\\Users\\WLC\\Desktop\\mileage_ui\\examples\\components\\global.js": {"path":"H:\\Users\\WLC\\Desktop\\mileage_ui\\examples\\components\\global.js","statementMap":{"0":{"start":{"line":1,"column":0},"end":{"line":null,"column":-1}},"1":{"start":{"line":2,"column":0},"end":{"line":null,"column":-1}},"2":{"start":{"line":3,"column":0},"end":{"line":null,"column":-1}},"3":{"start":{"line":5,"column":25},"end":{"line":5,"column":0}},"4":{"start":{"line":14,"column":0},"end":{"line":null,"column":-1}},"5":{"start":{"line":16,"column":2},"end":{"line":null,"column":-1}},"6":{"start":{"line":18,"column":26},"end":{"line":18,"column":2}},"7":{"start":{"line":21,"column":24},"end":{"line":21,"column":2}},"8":{"start":{"line":29,"column":2},"end":{"line":null,"column":-1}}},"fnMap":{"0":{"name":"(anonymous_1)","decl":{"start":{"line":14,"column":32},"end":{"line":14,"column":43}},"loc":{"start":{"line":14,"column":44},"end":{"line":14,"column":0}}}},"branchMap":{"0":{"loc":{"start":{"line":34,"column":4},"end":{"line":34,"column":3}},"type":"binary-expr","locations":[{"start":{"line":34,"column":4},"end":{"line":34,"column":3}},{"start":{"line":34,"column":31},"end":{"line":null,"column":-1}}]}},"s":{"0":0,"1":0,"2":0,"3":0,"4":0,"5":0,"6":0,"7":0,"8":0},"f":{"0":0},"b":{"0":[0,0]}}
,"H:\\Users\\WLC\\Desktop\\mileage_ui\\examples\\components\\GOJS\\go-js.vue": {"path":"H:\\Users\\WLC\\Desktop\\mileage_ui\\examples\\components\\GOJS\\go-js.vue","statementMap":{"0":{"start":{"line":10,"column":0},"end":{"line":null,"column":-1}},"1":{"start":{"line":13,"column":0},"end":{"line":null,"column":-1}},"2":{"start":{"line":17,"column":0},"end":{"line":null,"column":-1}},"3":{"start":{"line":21,"column":0},"end":{"line":null,"column":-1}},"4":{"start":{"line":22,"column":0},"end":{"line":null,"column":-1}},"5":{"start":{"line":32,"column":0},"end":{"line":58,"column":0}},"6":{"start":{"line":65,"column":0},"end":{"line":null,"column":-1}},"7":{"start":{"line":85,"column":0},"end":{"line":null,"column":-1}},"8":{"start":{"line":86,"column":0},"end":{"line":null,"column":-1}},"9":{"start":{"line":87,"column":0},"end":{"line":null,"column":-1}},"10":{"start":{"line":90,"column":0},"end":{"line":null,"column":-1}},"11":{"start":{"line":91,"column":0},"end":{"line":null,"column":-1}},"12":{"start":{"line":93,"column":0},"end":{"line":null,"column":-1}},"13":{"start":{"line":94,"column":0},"end":{"line":null,"column":-1}},"14":{"start":{"line":95,"column":0},"end":{"line":null,"column":-1}},"15":{"start":{"line":96,"column":0},"end":{"line":null,"column":-1}},"16":{"start":{"line":98,"column":0},"end":{"line":null,"column":-1}},"17":{"start":{"line":99,"column":0},"end":{"line":null,"column":-1}},"18":{"start":{"line":102,"column":0},"end":{"line":null,"column":-1}},"19":{"start":{"line":108,"column":0},"end":{"line":null,"column":-1}},"20":{"start":{"line":111,"column":0},"end":{"line":null,"column":-1}},"21":{"start":{"line":112,"column":0},"end":{"line":null,"column":-1}},"22":{"start":{"line":114,"column":0},"end":{"line":null,"column":-1}},"23":{"start":{"line":117,"column":0},"end":{"line":null,"column":-1}},"24":{"start":{"line":119,"column":0},"end":{"line":163,"column":0}},"25":{"start":{"line":168,"column":0},"end":{"line":null,"column":-1}},"26":{"start":{"line":169,"column":0},"end":{"line":null,"column":-1}},"27":{"start":{"line":170,"column":0},"end":{"line":null,"column":-1}},"28":{"start":{"line":177,"column":0},"end":{"line":null,"column":-1}},"29":{"start":{"line":191,"column":0},"end":{"line":null,"column":-1}}},"fnMap":{"0":{"name":"data","decl":{"start":{"line":12,"column":0},"end":{"line":null,"column":-1}},"loc":{"start":{"line":12,"column":0},"end":{"line":14,"column":0}}},"1":{"name":"created","decl":{"start":{"line":15,"column":0},"end":{"line":null,"column":-1}},"loc":{"start":{"line":15,"column":0},"end":{"line":null,"column":-1}}},"2":{"name":"mounted","decl":{"start":{"line":16,"column":0},"end":{"line":null,"column":-1}},"loc":{"start":{"line":16,"column":0},"end":{"line":18,"column":0}}},"3":{"name":"init","decl":{"start":{"line":20,"column":0},"end":{"line":null,"column":-1}},"loc":{"start":{"line":20,"column":0},"end":{"line":192,"column":0}}},"4":{"name":"addNodeAndLink","decl":{"start":{"line":84,"column":0},"end":{"line":null,"column":-1}},"loc":{"start":{"line":84,"column":0},"end":{"line":118,"column":0}}}},"branchMap":{},"s":{"0":0,"1":0,"2":0,"3":0,"4":0,"5":0,"6":0,"7":0,"8":0,"9":0,"10":0,"11":0,"12":0,"13":0,"14":0,"15":0,"16":0,"17":0,"18":0,"19":0,"20":0,"21":0,"22":0,"23":0,"24":0,"25":0,"26":0,"27":0,"28":0,"29":0},"f":{"0":0,"1":0,"2":0,"3":0,"4":0},"b":{}}
,"H:\\Users\\WLC\\Desktop\\mileage_ui\\examples\\router\\moudel\\router_json.js": {"path":"H:\\Users\\WLC\\Desktop\\mileage_ui\\examples\\router\\moudel\\router_json.js","statementMap":{"0":{"start":{"line":1,"column":0},"end":{"line":null,"column":-1}},"1":{"start":{"line":2,"column":19},"end":{"line":2,"column":0}},"2":{"start":{"line":3,"column":19},"end":{"line":3,"column":0}},"3":{"start":{"line":5,"column":2},"end":{"line":20,"column":3}},"4":{"start":{"line":6,"column":4},"end":{"line":19,"column":5}},"5":{"start":{"line":7,"column":6},"end":{"line":null,"column":-1}},"6":{"start":{"line":8,"column":8},"end":{"line":null,"column":-1}},"7":{"start":{"line":8,"column":28},"end":{"line":8,"column":7}},"8":{"start":{"line":8,"column":52},"end":{"line":8,"column":32}},"9":{"start":{"line":9,"column":8},"end":{"line":16,"column":9}},"10":{"start":{"line":10,"column":33},"end":{"line":10,"column":10}},"11":{"start":{"line":11,"column":10},"end":{"line":null,"column":-1}},"12":{"start":{"line":12,"column":12},"end":{"line":null,"column":-1}},"13":{"start":{"line":12,"column":28},"end":{"line":12,"column":11}},"14":{"start":{"line":12,"column":52},"end":{"line":12,"column":32}},"15":{"start":{"line":13,"column":12},"end":{"line":null,"column":-1}},"16":{"start":{"line":15,"column":10},"end":{"line":null,"column":-1}},"17":{"start":{"line":17,"column":8},"end":{"line":null,"column":-1}}},"fnMap":{"0":{"name":"(anonymous_1)","decl":{"start":{"line":7,"column":32},"end":{"line":7,"column":42}},"loc":{"start":{"line":7,"column":43},"end":{"line":7,"column":6}}},"1":{"name":"(anonymous_2)","decl":{"start":{"line":8,"column":28},"end":{"line":8,"column":32}},"loc":{"start":{"line":8,"column":28},"end":{"line":8,"column":8}}},"2":{"name":"(anonymous_3)","decl":{"start":{"line":8,"column":52},"end":{"line":8,"column":57}},"loc":{"start":{"line":8,"column":52},"end":{"line":8,"column":33}}},"3":{"name":"(anonymous_4)","decl":{"start":{"line":11,"column":35},"end":{"line":11,"column":41}},"loc":{"start":{"line":11,"column":42},"end":{"line":11,"column":10}}},"4":{"name":"(anonymous_5)","decl":{"start":{"line":12,"column":28},"end":{"line":12,"column":32}},"loc":{"start":{"line":12,"column":28},"end":{"line":12,"column":12}}},"5":{"name":"(anonymous_6)","decl":{"start":{"line":12,"column":52},"end":{"line":12,"column":57}},"loc":{"start":{"line":12,"column":52},"end":{"line":12,"column":33}}}},"branchMap":{"0":{"loc":{"start":{"line":5,"column":2},"end":{"line":20,"column":3}},"type":"if","locations":[{"start":{"line":5,"column":2},"end":{"line":20,"column":3}},{"start":{"line":5,"column":2},"end":{"line":20,"column":3}}]},"1":{"loc":{"start":{"line":6,"column":4},"end":{"line":19,"column":5}},"type":"if","locations":[{"start":{"line":6,"column":4},"end":{"line":19,"column":5}},{"start":{"line":6,"column":4},"end":{"line":19,"column":5}}]},"2":{"loc":{"start":{"line":9,"column":8},"end":{"line":16,"column":9}},"type":"if","locations":[{"start":{"line":9,"column":8},"end":{"line":16,"column":9}},{"start":{"line":9,"column":8},"end":{"line":16,"column":9}}]},"3":{"loc":{"start":{"line":9,"column":12},"end":{"line":9,"column":11}},"type":"binary-expr","locations":[{"start":{"line":9,"column":12},"end":{"line":9,"column":11}},{"start":{"line":9,"column":32},"end":{"line":9,"column":8}}]}},"s":{"0":0,"1":0,"2":0,"3":0,"4":0,"5":0,"6":0,"7":0,"8":0,"9":0,"10":0,"11":0,"12":0,"13":0,"14":0,"15":0,"16":0,"17":0},"f":{"0":0,"1":0,"2":0,"3":0,"4":0,"5":0},"b":{"0":[0,0],"1":[0,0],"2":[0,0],"3":[0,0]}}
,"H:\\Users\\WLC\\Desktop\\mileage_ui\\examples\\views\\home.vue": {"path":"H:\\Users\\WLC\\Desktop\\mileage_ui\\examples\\views\\home.vue","statementMap":{"0":{"start":{"line":9,"column":0},"end":{"line":null,"column":-1}},"1":{"start":{"line":10,"column":0},"end":{"line":null,"column":-1}},"2":{"start":{"line":14,"column":0},"end":{"line":null,"column":-1}},"3":{"start":{"line":19,"column":0},"end":{"line":null,"column":-1}},"4":{"start":{"line":23,"column":0},"end":{"line":null,"column":-1}},"5":{"start":{"line":24,"column":0},"end":{"line":null,"column":-1}},"6":{"start":{"line":28,"column":0},"end":{"line":30,"column":0}},"7":{"start":{"line":29,"column":0},"end":{"line":null,"column":-1}}},"fnMap":{"0":{"name":"data","decl":{"start":{"line":13,"column":0},"end":{"line":null,"column":-1}},"loc":{"start":{"line":13,"column":0},"end":{"line":17,"column":0}}},"1":{"name":"mounted","decl":{"start":{"line":18,"column":0},"end":{"line":null,"column":-1}},"loc":{"start":{"line":18,"column":0},"end":{"line":20,"column":0}}},"2":{"name":"getMessage","decl":{"start":{"line":22,"column":0},"end":{"line":null,"column":-1}},"loc":{"start":{"line":22,"column":0},"end":{"line":33,"column":0}}},"3":{"name":"success","decl":{"start":{"line":27,"column":0},"end":{"line":null,"column":-1}},"loc":{"start":{"line":27,"column":0},"end":{"line":31,"column":0}}}},"branchMap":{"0":{"loc":{"start":{"line":28,"column":0},"end":{"line":30,"column":0}},"type":"if","locations":[{"start":{"line":28,"column":0},"end":{"line":30,"column":0}},{"start":{"line":28,"column":0},"end":{"line":30,"column":0}}]}},"s":{"0":0,"1":0,"2":0,"3":0,"4":0,"5":0,"6":0,"7":0},"f":{"0":0,"1":0,"2":0,"3":0},"b":{"0":[0,0]}}
,"H:\\Users\\WLC\\Desktop\\mileage_ui\\examples\\views\\updata.vue": {"path":"H:\\Users\\WLC\\Desktop\\mileage_ui\\examples\\views\\updata.vue","statementMap":{"0":{"start":{"line":19,"column":0},"end":{"line":null,"column":-1}},"1":{"start":{"line":20,"column":0},"end":{"line":null,"column":-1}},"2":{"start":{"line":24,"column":0},"end":{"line":null,"column":-1}},"3":{"start":{"line":29,"column":0},"end":{"line":null,"column":-1}}},"fnMap":{"0":{"name":"data","decl":{"start":{"line":23,"column":0},"end":{"line":null,"column":-1}},"loc":{"start":{"line":23,"column":0},"end":{"line":27,"column":0}}},"1":{"name":"mounted","decl":{"start":{"line":28,"column":0},"end":{"line":null,"column":-1}},"loc":{"start":{"line":28,"column":0},"end":{"line":30,"column":0}}}},"branchMap":{},"s":{"0":0,"1":0,"2":0,"3":0},"f":{"0":0,"1":0},"b":{}}
,"H:\\Users\\WLC\\Desktop\\mileage_ui\\examples\\views\\homeComp\\navigator.vue": {"path":"H:\\Users\\WLC\\Desktop\\mileage_ui\\examples\\views\\homeComp\\navigator.vue","statementMap":{"0":{"start":{"line":40,"column":0},"end":{"line":null,"column":-1}}},"fnMap":{"0":{"name":"data","decl":{"start":{"line":39,"column":0},"end":{"line":null,"column":-1}},"loc":{"start":{"line":39,"column":0},"end":{"line":57,"column":0}}}},"branchMap":{},"s":{"0":0},"f":{"0":0},"b":{}}
,"H:\\Users\\wlc\\Desktop\\mileage_ui\\examples\\views\\views.vue": {"path":"H:\\Users\\wlc\\Desktop\\mileage_ui\\examples\\views\\views.vue","statementMap":{"0":{"start":{"line":1,"column":1},"end":{"line":20,"column":4}},"1":{"start":{"line":4,"column":0},"end":{"line":6,"column":3}},"2":{"start":{"line":19,"column":0},"end":{"line":19,"column":21}},"3":{"start":{"line":21,"column":0},"end":{"line":21,"column":70}},"4":{"start":{"line":21,"column":31},"end":{"line":21,"column":70}},"5":{"start":{"line":22,"column":24},"end":{"line":22,"column":100}},"6":{"start":{"line":23,"column":0},"end":{"line":23,"column":393}},"7":{"start":{"line":23,"column":54},"end":{"line":23,"column":58}},"8":{"start":{"line":23,"column":66},"end":{"line":23,"column":84}},"9":{"start":{"line":23,"column":92},"end":{"line":23,"column":108}},"10":{"start":{"line":23,"column":109},"end":{"line":23,"column":392}},"11":{"start":{"line":24,"column":0},"end":{"line":24,"column":37}}},"fnMap":{"0":{"name":"(anonymous_0)","decl":{"start":{"line":1,"column":2},"end":{"line":1,"column":3}},"loc":{"start":{"line":1,"column":12},"end":{"line":20,"column":1}},"line":1},"1":{"name":"render","decl":{"start":{"line":23,"column":35},"end":{"line":23,"column":41}},"loc":{"start":{"line":23,"column":45},"end":{"line":23,"column":393}},"line":23}},"branchMap":{"0":{"loc":{"start":{"line":21,"column":0},"end":{"line":21,"column":70}},"type":"if","locations":[{"start":{"line":21,"column":0},"end":{"line":21,"column":70}},{"start":{"line":21,"column":0},"end":{"line":21,"column":70}}],"line":21},"1":{"loc":{"start":{"line":22,"column":24},"end":{"line":22,"column":100}},"type":"cond-expr","locations":[{"start":{"line":22,"column":62},"end":{"line":22,"column":84}},{"start":{"line":22,"column":86},"end":{"line":22,"column":100}}],"line":22},"2":{"loc":{"start":{"line":23,"column":92},"end":{"line":23,"column":108}},"type":"binary-expr","locations":[{"start":{"line":23,"column":92},"end":{"line":23,"column":104}},{"start":{"line":23,"column":106},"end":{"line":23,"column":108}}],"line":23}},"s":{"0":1,"1":1,"2":1,"3":1,"4":1,"5":1,"6":1,"7":1,"8":1,"9":1,"10":1,"11":1},"f":{"0":1,"1":1},"b":{"0":[1,0],"1":[0,1],"2":[1,0]},"_coverageSchema":"332fd63041d2c1bcb487cc26dd0d5f7d97098a6c","hash":"57ad81752c246de590a08b151f810fd2b8a433bb"}
}
