TN:
SF:H:\Users\WLC\Desktop\mileage_ui\examples\components\demo-block.vue
FN:26,data
FN:32,toggle
FNF:2
FNH:0
FNDA:0,data
FNDA:0,toggle
DA:24,0
DA:27,0
DA:33,0
LF:3
LH:0
BRF:0
BRH:0
end_of_record
TN:
SF:H:\Users\WLC\Desktop\mileage_ui\examples\components\global.js
FN:14,(anonymous_1)
FNF:1
FNH:0
FNDA:0,(anonymous_1)
DA:1,0
DA:2,0
DA:3,0
DA:5,0
DA:14,0
DA:16,0
DA:18,0
DA:21,0
DA:29,0
LF:9
LH:0
BRDA:34,0,0,0
BRDA:34,0,1,0
BRF:2
BRH:0
end_of_record
TN:
SF:H:\Users\WLC\Desktop\mileage_ui\examples\components\GOJS\go-js.vue
FN:12,data
FN:15,created
FN:16,mounted
FN:20,init
FN:84,addNodeAndLink
FNF:5
FNH:0
FNDA:0,data
FNDA:0,created
FNDA:0,mounted
FNDA:0,init
FNDA:0,addNodeAndLink
DA:10,0
DA:13,0
DA:17,0
DA:21,0
DA:22,0
DA:32,0
DA:65,0
DA:85,0
DA:86,0
DA:87,0
DA:90,0
DA:91,0
DA:93,0
DA:94,0
DA:95,0
DA:96,0
DA:98,0
DA:99,0
DA:102,0
DA:108,0
DA:111,0
DA:112,0
DA:114,0
DA:117,0
DA:119,0
DA:168,0
DA:169,0
DA:170,0
DA:177,0
DA:191,0
LF:30
LH:0
BRF:0
BRH:0
end_of_record
TN:
SF:H:\Users\WLC\Desktop\mileage_ui\examples\router\moudel\router_json.js
FN:7,(anonymous_1)
FN:8,(anonymous_2)
FN:8,(anonymous_3)
FN:11,(anonymous_4)
FN:12,(anonymous_5)
FN:12,(anonymous_6)
FNF:6
FNH:0
FNDA:0,(anonymous_1)
FNDA:0,(anonymous_2)
FNDA:0,(anonymous_3)
FNDA:0,(anonymous_4)
FNDA:0,(anonymous_5)
FNDA:0,(anonymous_6)
DA:1,0
DA:2,0
DA:3,0
DA:5,0
DA:6,0
DA:7,0
DA:8,0
DA:9,0
DA:10,0
DA:11,0
DA:12,0
DA:13,0
DA:15,0
DA:17,0
LF:14
LH:0
BRDA:5,0,0,0
BRDA:5,0,1,0
BRDA:6,1,0,0
BRDA:6,1,1,0
BRDA:9,2,0,0
BRDA:9,2,1,0
BRDA:9,3,0,0
BRDA:9,3,1,0
BRF:8
BRH:0
end_of_record
TN:
SF:H:\Users\WLC\Desktop\mileage_ui\examples\views\home.vue
FN:13,data
FN:18,mounted
FN:22,getMessage
FN:27,success
FNF:4
FNH:0
FNDA:0,data
FNDA:0,mounted
FNDA:0,getMessage
FNDA:0,success
DA:9,0
DA:10,0
DA:14,0
DA:19,0
DA:23,0
DA:24,0
DA:28,0
DA:29,0
LF:8
LH:0
BRDA:28,0,0,0
BRDA:28,0,1,0
BRF:2
BRH:0
end_of_record
TN:
SF:H:\Users\WLC\Desktop\mileage_ui\examples\views\updata.vue
FN:23,data
FN:28,mounted
FNF:2
FNH:0
FNDA:0,data
FNDA:0,mounted
DA:19,0
DA:20,0
DA:24,0
DA:29,0
LF:4
LH:0
BRF:0
BRH:0
end_of_record
TN:
SF:H:\Users\WLC\Desktop\mileage_ui\examples\views\homeComp\navigator.vue
FN:39,data
FNF:1
FNH:0
FNDA:0,data
DA:40,0
LF:1
LH:0
BRF:0
BRH:0
end_of_record
TN:
SF:H:\Users\wlc\Desktop\mileage_ui\examples\views\views.vue
FN:1,(anonymous_0)
FN:23,render
FNF:2
FNH:2
FNDA:1,(anonymous_0)
FNDA:1,render
DA:1,1
DA:4,1
DA:19,1
DA:21,1
DA:22,1
DA:23,1
DA:24,1
LF:7
LH:7
BRDA:21,0,0,1
BRDA:21,0,1,0
BRDA:22,1,0,0
BRDA:22,1,1,1
BRDA:23,2,0,1
BRDA:23,2,1,0
BRF:6
BRH:3
end_of_record
